Build started 04-10-2021 17:47:40.
     1>Project "C:\ASHU\Books\speech processing\Assignments\214101019_Assignment4\214101019_LBG\LBG\LBG.vcxproj" on node 2 (build target(s)).
     1>InitializeBuildStatus:
         Creating "Debug\214101019_LBG.unsuccessfulbuild" because "AlwaysCreate" was specified.
       ClCompile:
         All outputs are up-to-date.
         C:\Program Files (x86)\Microsoft Visual Studio 10.0\VC\bin\CL.exe /c /ZI /nologo /W3 /WX- /Od /Oy- /D WIN32 /D _DEBUG /D _CONSOLE /D _UNICODE /D UNICODE /Gm /EHsc /RTC1 /MDd /GS /fp:precise /Zc:wchar_t /Zc:forScope /Yu"StdAfx.h" /Fp"Debug\214101019_LBG.pch" /Fo"Debug\\" /Fd"Debug\vc100.pdb" /Gd /TP /analyze- /errorReport:prompt LBG.cpp
         LBG.cpp
     1>c:\ashu\books\speech processing\assignments\214101019_assignment4\214101019_lbg\lbg\lbg.cpp(21): warning C4996: 'fopen': This function or variable may be unsafe. Consider using fopen_s instead. To disable deprecation, use _CRT_SECURE_NO_WARNINGS. See online help for details.
                 c:\program files (x86)\microsoft visual studio 10.0\vc\include\stdio.h(234) : see declaration of 'fopen'
     1>c:\ashu\books\speech processing\assignments\214101019_assignment4\214101019_lbg\lbg\lbg.cpp(27): warning C4996: 'strtok': This function or variable may be unsafe. Consider using strtok_s instead. To disable deprecation, use _CRT_SECURE_NO_WARNINGS. See online help for details.
                 c:\program files (x86)\microsoft visual studio 10.0\vc\include\string.h(197) : see declaration of 'strtok'
     1>c:\ashu\books\speech processing\assignments\214101019_assignment4\214101019_lbg\lbg\lbg.cpp(33): warning C4996: 'strtok': This function or variable may be unsafe. Consider using strtok_s instead. To disable deprecation, use _CRT_SECURE_NO_WARNINGS. See online help for details.
                 c:\program files (x86)\microsoft visual studio 10.0\vc\include\string.h(197) : see declaration of 'strtok'
       ManifestResourceCompile:
         All outputs are up-to-date.
       Link:
         C:\Program Files (x86)\Microsoft Visual Studio 10.0\VC\bin\link.exe /ERRORREPORT:PROMPT /OUT:"C:\ASHU\Books\speech processing\Assignments\214101019_Assignment4\214101019_LBG\Debug\214101019_LBG.exe" /INCREMENTAL /NOLOGO kernel32.lib user32.lib gdi32.lib winspool.lib comdlg32.lib advapi32.lib shell32.lib ole32.lib oleaut32.lib uuid.lib odbc32.lib odbccp32.lib /MANIFEST /ManifestFile:"Debug\214101019_LBG.exe.intermediate.manifest" /MANIFESTUAC:"level='asInvoker' uiAccess='false'" /DEBUG /PDB:"C:\ASHU\Books\speech processing\Assignments\214101019_Assignment4\214101019_LBG\Debug\214101019_LBG.pdb" /SUBSYSTEM:CONSOLE /TLBID:1 /DYNAMICBASE /NXCOMPAT /IMPLIB:"C:\ASHU\Books\speech processing\Assignments\214101019_Assignment4\214101019_LBG\Debug\214101019_LBG.lib" /MACHINE:X86 Debug\214101019_LBG.exe.embed.manifest.res
         Debug\LBG.obj
         Debug\stdafx.obj
       Manifest:
         C:\Program Files (x86)\Microsoft SDKs\Windows\v7.0A\bin\mt.exe /nologo /verbose /out:"Debug\214101019_LBG.exe.embed.manifest" /manifest Debug\214101019_LBG.exe.intermediate.manifest
         All outputs are up-to-date.
       LinkEmbedManifest:
         All outputs are up-to-date.
         LBG.vcxproj -> C:\ASHU\Books\speech processing\Assignments\214101019_Assignment4\214101019_LBG\Debug\214101019_LBG.exe
       FinalizeBuildStatus:
         Deleting file "Debug\214101019_LBG.unsuccessfulbuild".
         Touching "Debug\214101019_LBG.lastbuildstate".
     1>Done Building Project "C:\ASHU\Books\speech processing\Assignments\214101019_Assignment4\214101019_LBG\LBG\LBG.vcxproj" (build target(s)).

Build succeeded.

Time Elapsed 00:00:00.64
