Build started 12-09-2021 19:52:38.
     1>Project "C:\Users\aishw\OneDrive\Desktop\Vowel_Recognition_\Vowel_Recognition_\Vowel_Recognition_.vcxproj" on node 2 (build target(s)).
     1>InitializeBuildStatus:
         Creating "Debug\Vowel_Recognition_.unsuccessfulbuild" because "AlwaysCreate" was specified.
       ClCompile:
         C:\Program Files (x86)\Microsoft Visual Studio 10.0\VC\bin\CL.exe /c /ZI /nologo /W3 /WX- /Od /Oy- /D WIN32 /D _DEBUG /D _CONSOLE /D _UNICODE /D UNICODE /Gm /EHsc /RTC1 /MDd /GS /fp:precise /Zc:wchar_t /Zc:forScope /Yc"StdAfx.h" /Fp"Debug\Vowel_Recognition_.pch" /Fo"Debug\\" /Fd"Debug\vc100.pdb" /Gd /TP /analyze- /errorReport:prompt stdafx.cpp
         stdafx.cpp
         C:\Program Files (x86)\Microsoft Visual Studio 10.0\VC\bin\CL.exe /c /ZI /nologo /W3 /WX- /Od /Oy- /D WIN32 /D _DEBUG /D _CONSOLE /D _UNICODE /D UNICODE /Gm /EHsc /RTC1 /MDd /GS /fp:precise /Zc:wchar_t /Zc:forScope /Yu"StdAfx.h" /Fp"Debug\Vowel_Recognition_.pch" /Fo"Debug\\" /Fd"Debug\vc100.pdb" /Gd /TP /analyze- /errorReport:prompt Vowel_Recognition_.cpp
         Vowel_Recognition_.cpp
     1>c:\users\aishw\onedrive\desktop\vowel_recognition_\vowel_recognition_\vowel_recognition_.cpp(34): warning C4996: 'fopen': This function or variable may be unsafe. Consider using fopen_s instead. To disable deprecation, use _CRT_SECURE_NO_WARNINGS. See online help for details.
                 c:\program files (x86)\microsoft visual studio 10.0\vc\include\stdio.h(234) : see declaration of 'fopen'
     1>c:\users\aishw\onedrive\desktop\vowel_recognition_\vowel_recognition_\vowel_recognition_.cpp(43): warning C4996: 'sscanf': This function or variable may be unsafe. Consider using sscanf_s instead. To disable deprecation, use _CRT_SECURE_NO_WARNINGS. See online help for details.
                 c:\program files (x86)\microsoft visual studio 10.0\vc\include\stdio.h(325) : see declaration of 'sscanf'
     1>c:\users\aishw\onedrive\desktop\vowel_recognition_\vowel_recognition_\vowel_recognition_.cpp(52): warning C4244: 'return' : conversion from 'long double' to 'int', possible loss of data
     1>c:\users\aishw\onedrive\desktop\vowel_recognition_\vowel_recognition_\vowel_recognition_.cpp(60): warning C4996: 'fopen': This function or variable may be unsafe. Consider using fopen_s instead. To disable deprecation, use _CRT_SECURE_NO_WARNINGS. See online help for details.
                 c:\program files (x86)\microsoft visual studio 10.0\vc\include\stdio.h(234) : see declaration of 'fopen'
     1>c:\users\aishw\onedrive\desktop\vowel_recognition_\vowel_recognition_\vowel_recognition_.cpp(72): warning C4996: 'sscanf': This function or variable may be unsafe. Consider using sscanf_s instead. To disable deprecation, use _CRT_SECURE_NO_WARNINGS. See online help for details.
                 c:\program files (x86)\microsoft visual studio 10.0\vc\include\stdio.h(325) : see declaration of 'sscanf'
     1>c:\users\aishw\onedrive\desktop\vowel_recognition_\vowel_recognition_\vowel_recognition_.cpp(78): warning C4996: 'sscanf': This function or variable may be unsafe. Consider using sscanf_s instead. To disable deprecation, use _CRT_SECURE_NO_WARNINGS. See online help for details.
                 c:\program files (x86)\microsoft visual studio 10.0\vc\include\stdio.h(325) : see declaration of 'sscanf'
     1>c:\users\aishw\onedrive\desktop\vowel_recognition_\vowel_recognition_\vowel_recognition_.cpp(95): warning C4996: 'fopen': This function or variable may be unsafe. Consider using fopen_s instead. To disable deprecation, use _CRT_SECURE_NO_WARNINGS. See online help for details.
                 c:\program files (x86)\microsoft visual studio 10.0\vc\include\stdio.h(234) : see declaration of 'fopen'
     1>c:\users\aishw\onedrive\desktop\vowel_recognition_\vowel_recognition_\vowel_recognition_.cpp(120): warning C4996: 'sscanf': This function or variable may be unsafe. Consider using sscanf_s instead. To disable deprecation, use _CRT_SECURE_NO_WARNINGS. See online help for details.
                 c:\program files (x86)\microsoft visual studio 10.0\vc\include\stdio.h(325) : see declaration of 'sscanf'
     1>c:\users\aishw\onedrive\desktop\vowel_recognition_\vowel_recognition_\vowel_recognition_.cpp(121): warning C4244: '=' : conversion from 'double' to 'int', possible loss of data
     1>c:\users\aishw\onedrive\desktop\vowel_recognition_\vowel_recognition_\vowel_recognition_.cpp(141): warning C4996: 'fopen': This function or variable may be unsafe. Consider using fopen_s instead. To disable deprecation, use _CRT_SECURE_NO_WARNINGS. See online help for details.
                 c:\program files (x86)\microsoft visual studio 10.0\vc\include\stdio.h(234) : see declaration of 'fopen'
     1>c:\users\aishw\onedrive\desktop\vowel_recognition_\vowel_recognition_\vowel_recognition_.cpp(267): warning C4996: 'fopen': This function or variable may be unsafe. Consider using fopen_s instead. To disable deprecation, use _CRT_SECURE_NO_WARNINGS. See online help for details.
                 c:\program files (x86)\microsoft visual studio 10.0\vc\include\stdio.h(234) : see declaration of 'fopen'
     1>c:\users\aishw\onedrive\desktop\vowel_recognition_\vowel_recognition_\vowel_recognition_.cpp(293): warning C4996: 'sprintf': This function or variable may be unsafe. Consider using sprintf_s instead. To disable deprecation, use _CRT_SECURE_NO_WARNINGS. See online help for details.
                 c:\program files (x86)\microsoft visual studio 10.0\vc\include\stdio.h(371) : see declaration of 'sprintf'
     1>c:\users\aishw\onedrive\desktop\vowel_recognition_\vowel_recognition_\vowel_recognition_.cpp(299): warning C4996: 'sprintf': This function or variable may be unsafe. Consider using sprintf_s instead. To disable deprecation, use _CRT_SECURE_NO_WARNINGS. See online help for details.
                 c:\program files (x86)\microsoft visual studio 10.0\vc\include\stdio.h(371) : see declaration of 'sprintf'
     1>c:\users\aishw\onedrive\desktop\vowel_recognition_\vowel_recognition_\vowel_recognition_.cpp(300): warning C4996: 'fopen': This function or variable may be unsafe. Consider using fopen_s instead. To disable deprecation, use _CRT_SECURE_NO_WARNINGS. See online help for details.
                 c:\program files (x86)\microsoft visual studio 10.0\vc\include\stdio.h(234) : see declaration of 'fopen'
     1>c:\users\aishw\onedrive\desktop\vowel_recognition_\vowel_recognition_\vowel_recognition_.cpp(330): warning C4996: 'fopen': This function or variable may be unsafe. Consider using fopen_s instead. To disable deprecation, use _CRT_SECURE_NO_WARNINGS. See online help for details.
                 c:\program files (x86)\microsoft visual studio 10.0\vc\include\stdio.h(234) : see declaration of 'fopen'
     1>c:\users\aishw\onedrive\desktop\vowel_recognition_\vowel_recognition_\vowel_recognition_.cpp(364): warning C4996: 'sprintf': This function or variable may be unsafe. Consider using sprintf_s instead. To disable deprecation, use _CRT_SECURE_NO_WARNINGS. See online help for details.
                 c:\program files (x86)\microsoft visual studio 10.0\vc\include\stdio.h(371) : see declaration of 'sprintf'
     1>c:\users\aishw\onedrive\desktop\vowel_recognition_\vowel_recognition_\vowel_recognition_.cpp(366): warning C4996: 'fopen': This function or variable may be unsafe. Consider using fopen_s instead. To disable deprecation, use _CRT_SECURE_NO_WARNINGS. See online help for details.
                 c:\program files (x86)\microsoft visual studio 10.0\vc\include\stdio.h(234) : see declaration of 'fopen'
     1>c:\users\aishw\onedrive\desktop\vowel_recognition_\vowel_recognition_\vowel_recognition_.cpp(371): warning C4996: 'fscanf': This function or variable may be unsafe. Consider using fscanf_s instead. To disable deprecation, use _CRT_SECURE_NO_WARNINGS. See online help for details.
                 c:\program files (x86)\microsoft visual studio 10.0\vc\include\stdio.h(253) : see declaration of 'fscanf'
     1>c:\users\aishw\onedrive\desktop\vowel_recognition_\vowel_recognition_\vowel_recognition_.cpp(420): warning C4996: 'sprintf': This function or variable may be unsafe. Consider using sprintf_s instead. To disable deprecation, use _CRT_SECURE_NO_WARNINGS. See online help for details.
                 c:\program files (x86)\microsoft visual studio 10.0\vc\include\stdio.h(371) : see declaration of 'sprintf'
       ManifestResourceCompile:
         C:\Program Files (x86)\Microsoft SDKs\Windows\v7.0A\bin\rc.exe /nologo /fo"Debug\Vowel_Recognition_.exe.embed.manifest.res" Debug\Vowel_Recognition__manifest.rc 
       Link:
         C:\Program Files (x86)\Microsoft Visual Studio 10.0\VC\bin\link.exe /ERRORREPORT:PROMPT /OUT:"C:\Users\aishw\OneDrive\Desktop\Vowel_Recognition_\Debug\Vowel_Recognition_.exe" /INCREMENTAL /NOLOGO kernel32.lib user32.lib gdi32.lib winspool.lib comdlg32.lib advapi32.lib shell32.lib ole32.lib oleaut32.lib uuid.lib odbc32.lib odbccp32.lib /MANIFEST /ManifestFile:"Debug\Vowel_Recognition_.exe.intermediate.manifest" /MANIFESTUAC:"level='asInvoker' uiAccess='false'" /DEBUG /PDB:"C:\Users\aishw\OneDrive\Desktop\Vowel_Recognition_\Debug\Vowel_Recognition_.pdb" /SUBSYSTEM:CONSOLE /TLBID:1 /DYNAMICBASE /NXCOMPAT /IMPLIB:"C:\Users\aishw\OneDrive\Desktop\Vowel_Recognition_\Debug\Vowel_Recognition_.lib" /MACHINE:X86 Debug\Vowel_Recognition_.exe.embed.manifest.res
         Debug\stdafx.obj
         Debug\Vowel_Recognition_.obj
       Manifest:
         C:\Program Files (x86)\Microsoft SDKs\Windows\v7.0A\bin\mt.exe /nologo /verbose /out:"Debug\Vowel_Recognition_.exe.embed.manifest" /manifest Debug\Vowel_Recognition_.exe.intermediate.manifest
         All outputs are up-to-date.
       LinkEmbedManifest:
         All outputs are up-to-date.
         Vowel_Recognition_.vcxproj -> C:\Users\aishw\OneDrive\Desktop\Vowel_Recognition_\Debug\Vowel_Recognition_.exe
       FinalizeBuildStatus:
         Deleting file "Debug\Vowel_Recognition_.unsuccessfulbuild".
         Touching "Debug\Vowel_Recognition_.lastbuildstate".
     1>Done Building Project "C:\Users\aishw\OneDrive\Desktop\Vowel_Recognition_\Vowel_Recognition_\Vowel_Recognition_.vcxproj" (build target(s)).

Build succeeded.

Time Elapsed 00:00:00.89
